nohup: ignoring input
Connected
[0mGET / [36m304 [0m5.543 ms - -[0m
[0mGET /javascripts/comment.js [36m304 [0m1.538 ms - -[0m
[0mGET /stylesheets/style.css [36m304 [0m0.617 ms - -[0m
[0mGET /images/in-store-pickup-cart.jpg [36m304 [0m0.842 ms - -[0m
[0mGET /comments [36m304 [0m29.045 ms - -[0m
[0mGET / [36m304 [0m0.353 ms - -[0m
[0mGET /javascripts/comment.js [36m304 [0m0.639 ms - -[0m
[0mGET /stylesheets/style.css [36m304 [0m0.247 ms - -[0m
[0mGET /comments [32m200 [0m8.212 ms - 660[0m
[0mGET / [36m304 [0m1.519 ms - -[0m
[0mGET /javascripts/comment.js [36m304 [0m0.732 ms - -[0m
[0mGET /stylesheets/style.css [36m304 [0m0.379 ms - -[0m
[0mGET /comments [32m200 [0m6.596 ms - 660[0m
[0mGET / [32m200 [0m3.471 ms - 4130[0m
[0mGET /javascripts/comment.js [32m200 [0m1.198 ms - 1946[0m
[0mGET /stylesheets/style.css [32m200 [0m0.418 ms - 716[0m
[0mGET /comments [32m200 [0m6.379 ms - 660[0m
[0mGET / [36m304 [0m0.796 ms - -[0m
[0mGET /javascripts/comment.js [36m304 [0m0.313 ms - -[0m
[0mGET /stylesheets/style.css [36m304 [0m3.201 ms - -[0m
[0mGET /comments [36m304 [0m4.095 ms - -[0m
[0mGET /Comments [32m200 [0m3.243 ms - 660[0m
[0mDELETE /comments/5befb9d6a0bdc9519f89ed78 [32m200 [0m8.227 ms - 2[0m
[0mGET /comments [32m200 [0m2.226 ms - 583[0m
[0mDELETE /comments/5befb9ffa0bdc9519f89ed7c [32m200 [0m4.438 ms - 2[0m
[0mGET /comments [32m200 [0m25.461 ms - 506[0m
[0mGET /comments [36m304 [0m8.579 ms - -[0m
[0mDELETE /comments/5befb9d7a0bdc9519f89ed79 [32m200 [0m8.002 ms - 2[0m
[0mDELETE /comments/5befb9d7a0bdc9519f89ed79 [31m500 [0m302.502 ms - 831[0m
[0mGET /comments [32m200 [0m2.483 ms - 405[0m
[0mGET /comments [36m304 [0m5.190 ms - -[0m
[0mDELETE /comments/5befb9d8a0bdc9519f89ed7a [32m200 [0m4.451 ms - 2[0m
[0mGET /comments [32m200 [0m4.529 ms - 304[0m
[0mDELETE /comments/5befb9d8a0bdc9519f89ed7a [31m500 [0m47.637 ms - 831[0m
[0mGET /comments [36m304 [0m3.973 ms - -[0m
[0mDELETE /comments/5befb9d8a0bdc9519f89ed7b [32m200 [0m3.322 ms - 2[0m
[0mGET /comments [32m200 [0m4.655 ms - 203[0m
[0mDELETE /comments/5befb9d8a0bdc9519f89ed7b [31m500 [0m36.419 ms - 831[0m
[0mGET /comments [36m304 [0m11.927 ms - -[0m
[0mDELETE /comments/5befb9ffa0bdc9519f89ed7d [32m200 [0m8.203 ms - 2[0m
[0mGET /comments [32m200 [0m3.839 ms - 102[0m
[0mDELETE /comments/5befb9ffa0bdc9519f89ed7d [31m500 [0m52.654 ms - 831[0m
[0mGET /comments [36m304 [0m3.198 ms - -[0m
[0mDELETE /comments/5befba00a0bdc9519f89ed7e [32m200 [0m6.562 ms - 2[0m
[0mGET /comments [32m200 [0m6.055 ms - 2[0m
[0mDELETE /comments/5befba00a0bdc9519f89ed7e [31m500 [0m35.025 ms - 831[0m
[0mGET / [32m200 [0m0.804 ms - 4130[0m
[0mGET /stylesheets/style.css [36m304 [0m0.469 ms - -[0m
[0mGET /javascripts/comment.js [36m304 [0m0.201 ms - -[0m
[0mGET /comments [32m200 [0m1.437 ms - 2[0m
[0mGET /Comments [32m200 [0m12.593 ms - 2[0m
[0mGET / [36m304 [0m0.869 ms - -[0m
[0mGET /javascripts/comment.js [36m304 [0m0.535 ms - -[0m
[0mGET /stylesheets/style.css [36m304 [0m0.466 ms - -[0m
[0mGET /comments [36m304 [0m3.049 ms - -[0m
[0mGET /Comments [36m304 [0m1.282 ms - -[0m
[0mPOST /comments [32m200 [0m26.981 ms - 126[0m
[0mPOST /comments [32m200 [0m2.648 ms - 128[0m
[0mPOST /comments [32m200 [0m1.865 ms - 128[0m
[0mPOST /comments [32m200 [0m3.554 ms - 134[0m
[0mPOST /comments [32m200 [0m3.444 ms - 142[0m
[0mPOST /comments [32m200 [0m2.457 ms - 136[0m
[0mGET /Comments [32m200 [0m3.040 ms - 801[0m
[0mGET / [32m200 [0m0.835 ms - 4130[0m
[0mGET /stylesheets/style.css [36m304 [0m0.349 ms - -[0m
[0mGET /javascripts/comment.js [36m304 [0m0.314 ms - -[0m
[0mGET /comments [32m200 [0m2.373 ms - 801[0m
[0mGET / [32m200 [0m1.332 ms - 4130[0m
[0mGET /stylesheets/style.css [36m304 [0m0.320 ms - -[0m
[0mGET /javascripts/comment.js [36m304 [0m0.179 ms - -[0m
[0mGET /comments [36m304 [0m7.943 ms - -[0m
[0mDELETE /comments/5bf3451b21cffd52dd5918be [32m200 [0m10.289 ms - 2[0m
[0mGET /comments [32m200 [0m2.392 ms - 674[0m
[0mGET / [32m200 [0m0.868 ms - 4130[0m
[0mGET /javascripts/comment.js [36m304 [0m0.309 ms - -[0m
[0mGET /stylesheets/style.css [36m304 [0m0.195 ms - -[0m
[0mGET /comments [32m200 [0m3.498 ms - 674[0m
[0mPOST /comments [32m200 [0m2.707 ms - 126[0m
[0mGET / [32m200 [0m0.588 ms - 4130[0m
[0mGET /javascripts/comment.js [36m304 [0m0.299 ms - -[0m
[0mGET /stylesheets/style.css [36m304 [0m0.185 ms - -[0m
[0mGET /comments [32m200 [0m2.655 ms - 801[0m
[0mGET / [36m304 [0m0.328 ms - -[0m
[0mGET /stylesheets/style.css [32m200 [0m0.703 ms - 716[0m
[0mGET /javascripts/comment.js [36m304 [0m0.342 ms - -[0m
[0mGET /images/in-store-pickup-cart.jpg [32m200 [0m0.531 ms - 13196[0m
[0mGET /comments [32m200 [0m4.757 ms - 801[0m
[0mGET / [36m304 [0m0.312 ms - -[0m
[0mGET /javascripts/comment.js [36m304 [0m0.671 ms - -[0m
[0mGET /stylesheets/style.css [32m200 [0m0.483 ms - 716[0m
[0mGET /comments [32m200 [0m5.810 ms - 801[0m
[0mGET /images/in-store-pickup-cart.jpg [32m200 [0m0.489 ms - 13196[0m
[0mGET / [32m200 [0m0.484 ms - 4193[0m
[0mGET /javascripts/comment.js [36m304 [0m0.304 ms - -[0m
[0mGET /stylesheets/style.css [32m200 [0m0.386 ms - 716[0m
[0mGET /comments [32m200 [0m4.334 ms - 801[0m
[0mGET /images/in-store-pickup-cart.jpg [32m200 [0m0.484 ms - 13196[0m
[0mGET / [32m200 [0m0.501 ms - 4232[0m
[0mGET /javascripts/comment.js [36m304 [0m0.298 ms - -[0m
[0mGET /stylesheets/style.css [32m200 [0m0.494 ms - 716[0m
[0mGET /images/in-store-pickup-cart.jpg [32m200 [0m0.963 ms - 13196[0m
[0mGET /comments [32m200 [0m2.664 ms - 801[0m
[0mGET / [36m304 [0m0.302 ms - -[0m
[0mGET /javascripts/comment.js [36m304 [0m1.367 ms - -[0m
[0mGET /stylesheets/style.css [36m304 [0m0.280 ms - -[0m
[0mGET /images/in-store-pickup-cart.jpg [36m304 [0m1.220 ms - -[0m
[0mGET /comments [36m304 [0m2.566 ms - -[0m
[0mGET / [32m200 [0m0.527 ms - 4535[0m
[0mGET /javascripts/comment.js [36m304 [0m0.604 ms - -[0m
[0mGET /stylesheets/style.css [36m304 [0m0.197 ms - -[0m
[0mGET /images/in-store-pickup-cart.jpg [36m304 [0m1.868 ms - -[0m
[0mGET /comments [36m304 [0m6.571 ms - -[0m
[0mGET / [36m304 [0m1.866 ms - -[0m
[0mGET /javascripts/comment.js [36m304 [0m1.902 ms - -[0m
[0mGET /stylesheets/style.css [36m304 [0m0.225 ms - -[0m
[0mGET /images/in-store-pickup-cart.jpg [36m304 [0m0.294 ms - -[0m
[0mGET /comments [36m304 [0m2.176 ms - -[0m
[0mGET / [32m200 [0m0.478 ms - 4661[0m
[0mGET /javascripts/comment.js [36m304 [0m0.314 ms - -[0m
[0mGET /stylesheets/style.css [36m304 [0m0.194 ms - -[0m
[0mGET /images/in-store-pickup-cart.jpg [36m304 [0m0.309 ms - -[0m
[0mGET /comments [36m304 [0m2.083 ms - -[0m
[0mGET / [36m304 [0m0.340 ms - -[0m
[0mGET /javascripts/comment.js [36m304 [0m0.580 ms - -[0m
[0mGET /stylesheets/style.css [36m304 [0m0.195 ms - -[0m
[0mGET /images/in-store-pickup-cart.jpg [36m304 [0m0.311 ms - -[0m
[0mGET /comments [36m304 [0m2.052 ms - -[0m
[0mGET / [32m200 [0m0.501 ms - 4661[0m
[0mGET /javascripts/comment.js [36m304 [0m0.307 ms - -[0m
[0mGET /stylesheets/style.css [36m304 [0m2.163 ms - -[0m
[0mGET /images/in-store-pickup-cart.jpg [36m304 [0m0.343 ms - -[0m
[0mGET /comments [36m304 [0m3.537 ms - -[0m
[0mGET / [32m200 [0m3.927 ms - 4721[0m
[0mGET /javascripts/comment.js [36m304 [0m0.329 ms - -[0m
[0mGET /stylesheets/style.css [36m304 [0m0.174 ms - -[0m
[0mGET /images/in-store-pickup-cart.jpg [36m304 [0m0.304 ms - -[0m
[0mGET /comments [36m304 [0m2.611 ms - -[0m
[0mGET / [32m200 [0m0.498 ms - 4661[0m
[0mGET /javascripts/comment.js [36m304 [0m0.336 ms - -[0m
[0mGET /stylesheets/style.css [36m304 [0m0.188 ms - -[0m
[0mGET /images/in-store-pickup-cart.jpg [36m304 [0m0.295 ms - -[0m
[0mGET /comments [36m304 [0m3.314 ms - -[0m
[0mGET / [36m304 [0m0.319 ms - -[0m
[0mGET /javascripts/comment.js [36m304 [0m0.298 ms - -[0m
[0mGET /stylesheets/style.css [36m304 [0m0.186 ms - -[0m
[0mGET /images/in-store-pickup-cart.jpg [36m304 [0m0.296 ms - -[0m
[0mGET /comments [36m304 [0m2.703 ms - -[0m
[0mGET / [32m200 [0m0.491 ms - 4661[0m
[0mGET /javascripts/comment.js [36m304 [0m0.295 ms - -[0m
[0mGET /stylesheets/style.css [36m304 [0m0.203 ms - -[0m
[0mGET /images/in-store-pickup-cart.jpg [36m304 [0m1.109 ms - -[0m
[0mGET /comments [36m304 [0m3.831 ms - -[0m
[0mGET / [32m200 [0m0.507 ms - 5285[0m
[0mGET /javascripts/comment.js [36m304 [0m0.309 ms - -[0m
[0mGET /stylesheets/style.css [36m304 [0m0.236 ms - -[0m
[0mGET /comments [36m304 [0m2.163 ms - -[0m
[0mGET /images/in-store-pickup-cart.jpg [36m304 [0m0.310 ms - -[0m
[0mGET / [32m200 [0m0.515 ms - 5403[0m
[0mGET /javascripts/comment.js [36m304 [0m0.307 ms - -[0m
[0mGET /stylesheets/style.css [36m304 [0m0.201 ms - -[0m
[0mGET /images/in-store-pickup-cart.jpg [36m304 [0m0.357 ms - -[0m
[0mGET /comments [36m304 [0m2.172 ms - -[0m
[0mGET / [32m200 [0m0.485 ms - 5418[0m
[0mGET /javascripts/comment.js [36m304 [0m0.356 ms - -[0m
[0mGET /stylesheets/style.css [36m304 [0m0.256 ms - -[0m
[0mGET /images/in-store-pickup-cart.jpg [36m304 [0m0.322 ms - -[0m
[0mGET /comments [36m304 [0m2.147 ms - -[0m
[0mGET / [32m200 [0m0.527 ms - 5418[0m
[0mGET /javascripts/comment.js [36m304 [0m0.323 ms - -[0m
[0mGET /stylesheets/style.css [36m304 [0m0.176 ms - -[0m
[0mGET /comments [36m304 [0m2.566 ms - -[0m
[0mGET /images/in-store-pickup-cart.jpg [36m304 [0m0.296 ms - -[0m
[0mGET / [32m200 [0m0.494 ms - 5418[0m
[0mGET /javascripts/comment.js [36m304 [0m0.322 ms - -[0m
[0mGET /stylesheets/style.css [36m304 [0m0.188 ms - -[0m
[0mGET /images/in-store-pickup-cart.jpg [36m304 [0m0.302 ms - -[0m
[0mGET /comments [36m304 [0m2.428 ms - -[0m
[0mGET / [32m200 [0m0.522 ms - 5418[0m
[0mGET /javascripts/comment.js [36m304 [0m0.322 ms - -[0m
[0mGET /stylesheets/style.css [36m304 [0m0.186 ms - -[0m
[0mGET /images/in-store-pickup-cart.jpg [36m304 [0m0.304 ms - -[0m
[0mGET /comments [36m304 [0m6.163 ms - -[0m
[0mGET / [32m200 [0m0.490 ms - 5422[0m
[0mGET /javascripts/comment.js [36m304 [0m1.252 ms - -[0m
[0mGET /stylesheets/style.css [36m304 [0m0.208 ms - -[0m
[0mGET /images/in-store-pickup-cart.jpg [36m304 [0m0.733 ms - -[0m
[0mGET /comments [36m304 [0m2.199 ms - -[0m
[0mGET / [32m200 [0m0.537 ms - 5422[0m
[0mGET /javascripts/comment.js [36m304 [0m0.321 ms - -[0m
[0mGET /stylesheets/style.css [36m304 [0m0.177 ms - -[0m
[0mGET /images/in-store-pickup-cart.jpg [36m304 [0m0.337 ms - -[0m
[0mGET /comments [36m304 [0m2.158 ms - -[0m
[0mGET / [32m200 [0m0.550 ms - 5522[0m
[0mGET /javascripts/comment.js [36m304 [0m0.306 ms - -[0m
[0mGET /stylesheets/style.css [36m304 [0m0.186 ms - -[0m
[0mGET /comments [36m304 [0m2.136 ms - -[0m
[0mGET /images/in-store-pickup-cart.jpg [36m304 [0m1.077 ms - -[0m
[0mGET /comments [36m304 [0m2.534 ms - -[0m
[0mGET /comments [36m304 [0m3.587 ms - -[0m
[0mGET / [32m200 [0m0.466 ms - 4761[0m
[0mGET /javascripts/comment.js [36m304 [0m0.314 ms - -[0m
[0mGET /stylesheets/style.css [36m304 [0m0.192 ms - -[0m
[0mGET /comments [36m304 [0m2.818 ms - -[0m
[0mGET /images/in-store-pickup-cart.jpg [36m304 [0m0.339 ms - -[0m
[0mGET / [36m304 [0m0.329 ms - -[0m
[0mGET /javascripts/comment.js [36m304 [0m2.353 ms - -[0m
[0mGET /stylesheets/style.css [36m304 [0m0.183 ms - -[0m
[0mGET /images/in-store-pickup-cart.jpg [36m304 [0m0.278 ms - -[0m
[0mGET /comments [36m304 [0m4.588 ms - -[0m
[0mGET / [32m200 [0m0.487 ms - 5506[0m
[0mGET /javascripts/comment.js [36m304 [0m0.281 ms - -[0m
[0mGET /stylesheets/style.css [36m304 [0m0.287 ms - -[0m
[0mGET /comments [36m304 [0m2.176 ms - -[0m
[0mGET /images/in-store-pickup-cart.jpg [36m304 [0m0.308 ms - -[0m
[0mGET / [32m200 [0m0.488 ms - 5502[0m
[0mGET /javascripts/comment.js [36m304 [0m0.282 ms - -[0m
[0mGET /stylesheets/style.css [36m304 [0m0.191 ms - -[0m
[0mGET /images/in-store-pickup-cart.jpg [36m304 [0m0.310 ms - -[0m
[0mGET /comments [36m304 [0m2.628 ms - -[0m
[0mDELETE /comments/5bf3458d21cffd52dd5918c1 [32m200 [0m1.773 ms - 2[0m
[0mGET /comments [32m200 [0m3.430 ms - 666[0m
[0mPOST /comments [32m200 [0m1.920 ms - 134[0m
[0mGET / [32m200 [0m0.459 ms - 5249[0m
[0mGET /javascripts/comment.js [36m304 [0m0.342 ms - -[0m
[0mGET /stylesheets/style.css [36m304 [0m0.206 ms - -[0m
[0mGET /images/in-store-pickup-cart.jpg [36m304 [0m0.294 ms - -[0m
[0mGET /comments [32m200 [0m2.368 ms - 801[0m
[0mGET / [32m200 [0m0.553 ms - 5249[0m
[0mGET /javascripts/comment.js [36m304 [0m1.610 ms - -[0m
[0mGET /stylesheets/style.css [36m304 [0m0.384 ms - -[0m
[0mGET /images/in-store-pickup-cart.jpg [36m304 [0m0.766 ms - -[0m
[0mGET /comments [36m304 [0m2.181 ms - -[0m
[0mGET / [36m304 [0m0.307 ms - -[0m
[0mGET /javascripts/comment.js [36m304 [0m0.295 ms - -[0m
[0mGET /stylesheets/style.css [36m304 [0m0.925 ms - -[0m
[0mGET /images/in-store-pickup-cart.jpg [36m304 [0m0.287 ms - -[0m
[0mGET /comments [36m304 [0m5.701 ms - -[0m
[0mGET / [32m200 [0m0.507 ms - 5249[0m
[0mGET /javascripts/comment.js [36m304 [0m0.295 ms - -[0m
[0mGET /stylesheets/style.css [36m304 [0m0.185 ms - -[0m
[0mGET /images/in-store-pickup-cart.jpg [36m304 [0m0.289 ms - -[0m
[0mGET /comments [36m304 [0m3.706 ms - -[0m
[0mGET / [36m304 [0m0.300 ms - -[0m
[0mGET /javascripts/comment.js [36m304 [0m0.277 ms - -[0m
[0mGET /stylesheets/style.css [36m304 [0m0.187 ms - -[0m
[0mGET /images/in-store-pickup-cart.jpg [36m304 [0m0.878 ms - -[0m
[0mGET /comments [36m304 [0m2.048 ms - -[0m
[0mGET / [32m200 [0m0.500 ms - 5281[0m
[0mGET /javascripts/comment.js [36m304 [0m0.321 ms - -[0m
[0mGET /stylesheets/style.css [36m304 [0m0.179 ms - -[0m
[0mGET /images/in-store-pickup-cart.jpg [36m304 [0m0.323 ms - -[0m
[0mGET /comments [36m304 [0m2.211 ms - -[0m
[0mGET / [32m200 [0m0.497 ms - 5275[0m
[0mGET /javascripts/comment.js [36m304 [0m0.336 ms - -[0m
[0mGET /stylesheets/style.css [36m304 [0m0.227 ms - -[0m
[0mGET /images/in-store-pickup-cart.jpg [36m304 [0m0.320 ms - -[0m
[0mGET /comments [36m304 [0m2.066 ms - -[0m
[0mGET / [36m304 [0m0.300 ms - -[0m
[0mGET /javascripts/comment.js [36m304 [0m0.301 ms - -[0m
[0mGET /stylesheets/style.css [36m304 [0m1.509 ms - -[0m
[0mGET /images/in-store-pickup-cart.jpg [36m304 [0m0.307 ms - -[0m
[0mGET /comments [36m304 [0m2.079 ms - -[0m
[0mGET / [32m200 [0m0.510 ms - 5283[0m
[0mGET /javascripts/comment.js [36m304 [0m0.292 ms - -[0m
[0mGET /stylesheets/style.css [36m304 [0m0.168 ms - -[0m
[0mGET /images/in-store-pickup-cart.jpg [36m304 [0m0.291 ms - -[0m
[0mGET /comments [36m304 [0m2.128 ms - -[0m
[0mGET / [32m200 [0m0.533 ms - 5279[0m
[0mGET /javascripts/comment.js [36m304 [0m0.959 ms - -[0m
[0mGET /stylesheets/style.css [36m304 [0m0.646 ms - -[0m
[0mGET /images/in-store-pickup-cart.jpg [36m304 [0m0.281 ms - -[0m
[0mGET /comments [36m304 [0m2.454 ms - -[0m
[0mGET / [32m200 [0m0.544 ms - 5383[0m
[0mGET /javascripts/comment.js [36m304 [0m0.299 ms - -[0m
[0mGET /stylesheets/style.css [36m304 [0m0.278 ms - -[0m
[0mGET /images/in-store-pickup-cart.jpg [32m200 [0m0.487 ms - 13196[0m
[0mGET /comments [32m200 [0m2.678 ms - 801[0m
[0mGET / [32m200 [0m0.501 ms - 4870[0m
[0mGET /stylesheets/style.css [32m200 [0m0.536 ms - 716[0m
[0mGET /javascripts/comment.js [36m304 [0m0.204 ms - -[0m
[0mGET /images/in-store-pickup-cart.jpg [36m304 [0m0.277 ms - -[0m
[0mGET /comments [36m304 [0m2.111 ms - -[0m
[0mGET / [32m200 [0m0.975 ms - 4641[0m
[0mGET /javascripts/comment.js [36m304 [0m0.295 ms - -[0m
[0mGET /stylesheets/style.css [32m200 [0m1.092 ms - 716[0m
[0mGET /comments [36m304 [0m3.239 ms - -[0m
[0mGET /images/in-store-pickup-cart.jpg [36m304 [0m0.290 ms - -[0m
[0mGET / [32m200 [0m0.467 ms - 4641[0m
[0mGET /javascripts/comment.js [36m304 [0m0.314 ms - -[0m
[0mGET /stylesheets/style.css [36m304 [0m0.191 ms - -[0m
[0mGET /images/in-store-pickup-cart.jpg [36m304 [0m0.302 ms - -[0m
[0mGET /comments [36m304 [0m2.379 ms - -[0m
[0mGET / [32m200 [0m0.494 ms - 4641[0m
[0mGET /stylesheets/style.css [32m200 [0m0.476 ms - 716[0m
[0mGET /javascripts/comment.js [36m304 [0m0.315 ms - -[0m
[0mGET /images/in-store-pickup-cart.jpg [36m304 [0m0.280 ms - -[0m
[0mGET /comments [36m304 [0m11.475 ms - -[0m
[0mGET / [32m200 [0m0.484 ms - 4723[0m
[0mGET /javascripts/comment.js [36m304 [0m0.286 ms - -[0m
[0mGET /stylesheets/style.css [36m304 [0m0.256 ms - -[0m
[0mGET /comments [32m200 [0m4.591 ms - 801[0m
[0mGET /images/in-store-pickup-cart.jpg [36m304 [0m0.287 ms - -[0m
[0mGET / [36m304 [0m0.301 ms - -[0m
[0mGET /javascripts/comment.js [36m304 [0m0.297 ms - -[0m
[0mGET /stylesheets/style.css [36m304 [0m0.203 ms - -[0m
[0mGET /images/in-store-pickup-cart.jpg [36m304 [0m0.292 ms - -[0m
[0mGET /comments [36m304 [0m3.137 ms - -[0m
[0mGET / [32m200 [0m0.527 ms - 4774[0m
[0mGET /stylesheets/style.css [36m304 [0m0.279 ms - -[0m
[0mGET /javascripts/comment.js [36m304 [0m0.172 ms - -[0m
[0mGET /images/in-store-pickup-cart.jpg [36m304 [0m0.290 ms - -[0m
[0mGET /comments [36m304 [0m2.054 ms - -[0m
[0mGET / [32m200 [0m0.457 ms - 4774[0m
[0mGET /javascripts/comment.js [36m304 [0m0.353 ms - -[0m
[0mGET /stylesheets/style.css [36m304 [0m0.185 ms - -[0m
[0mGET /images/in-store-pickup-cart.jpg [36m304 [0m0.322 ms - -[0m
[0mGET /comments [36m304 [0m2.057 ms - -[0m
[0mGET / [32m200 [0m0.490 ms - 4774[0m
[0mGET /javascripts/comment.js [36m304 [0m0.310 ms - -[0m
[0mGET /stylesheets/style.css [36m304 [0m0.173 ms - -[0m
[0mGET /images/in-store-pickup-cart.jpg [36m304 [0m0.341 ms - -[0m
[0mGET /comments [36m304 [0m4.880 ms - -[0m
[0mGET / [32m200 [0m0.493 ms - 4775[0m
[0mGET /javascripts/comment.js [36m304 [0m0.298 ms - -[0m
[0mGET /stylesheets/style.css [36m304 [0m0.174 ms - -[0m
[0mGET /images/in-store-pickup-cart.jpg [36m304 [0m0.318 ms - -[0m
[0mGET /comments [36m304 [0m2.430 ms - -[0m
[0mGET / [32m200 [0m0.495 ms - 4779[0m
[0mGET /javascripts/comment.js [36m304 [0m0.491 ms - -[0m
[0mGET /stylesheets/style.css [36m304 [0m0.633 ms - -[0m
[0mGET /images/in-store-pickup-cart.jpg [36m304 [0m0.282 ms - -[0m
[0mGET /comments [36m304 [0m2.766 ms - -[0m
[0mGET / [32m200 [0m0.909 ms - 4789[0m
[0mGET /javascripts/comment.js [36m304 [0m0.309 ms - -[0m
[0mGET /stylesheets/style.css [36m304 [0m0.186 ms - -[0m
[0mGET /images/in-store-pickup-cart.jpg [36m304 [0m0.285 ms - -[0m
[0mGET /comments [36m304 [0m2.092 ms - -[0m
[0mPOST /comments [32m200 [0m2.054 ms - 91[0m
[0mDELETE /comments/5bf3572e21cffd52dd5918c6 [32m200 [0m1.579 ms - 2[0m
[0mGET /comments [32m200 [0m1.635 ms - 801[0m
[0mGET / [36m304 [0m0.298 ms - -[0m
[0mGET /javascripts/comment.js [36m304 [0m0.294 ms - -[0m
[0mGET /stylesheets/style.css [36m304 [0m0.195 ms - -[0m
[0mGET /images/in-store-pickup-cart.jpg [36m304 [0m0.282 ms - -[0m
[0mGET /comments [36m304 [0m2.014 ms - -[0m
[0mGET / [32m200 [0m0.484 ms - 4789[0m
[0mGET /javascripts/comment.js [36m304 [0m0.300 ms - -[0m
[0mGET /stylesheets/style.css [36m304 [0m0.258 ms - -[0m
[0mGET /comments [32m200 [0m2.649 ms - 801[0m
[0mGET / [32m200 [0m0.463 ms - 4830[0m
[0mGET /stylesheets/style.css [32m200 [0m0.513 ms - 716[0m
[0mGET /javascripts/comment.js [36m304 [0m0.840 ms - -[0m
[0mGET /comments [32m200 [0m2.154 ms - 801[0m
[0mGET /images/in-store-pickup-cart.jpg [32m200 [0m0.474 ms - 13196[0m
[0mGET / [32m200 [0m0.476 ms - 4839[0m
[0mGET /stylesheets/style.css [32m200 [0m0.470 ms - 857[0m
[0mGET /javascripts/comment.js [36m304 [0m0.194 ms - -[0m
[0mGET /comments [32m200 [0m2.055 ms - 801[0m
[0mGET /images/in-store-pickup-cart.jpg [32m200 [0m0.448 ms - 13196[0m
[0mGET / [36m304 [0m0.326 ms - -[0m
[0mGET /stylesheets/style.css [32m200 [0m0.509 ms - 861[0m
[0mGET /javascripts/comment.js [36m304 [0m0.731 ms - -[0m
[0mGET /images/in-store-pickup-cart.jpg [32m200 [0m0.494 ms - 13196[0m
[0mGET /comments [32m200 [0m2.740 ms - 801[0m
[0mGET / [32m200 [0m0.475 ms - 4850[0m
[0mGET /stylesheets/style.css [32m200 [0m0.501 ms - 831[0m
[0mGET /javascripts/comment.js [36m304 [0m0.249 ms - -[0m
[0mGET /images/in-store-pickup-cart.jpg [32m200 [0m0.491 ms - 13196[0m
[0mGET /comments [32m200 [0m2.083 ms - 801[0m
[0mGET / [36m304 [0m0.316 ms - -[0m
[0mGET /stylesheets/style.css [32m200 [0m0.497 ms - 852[0m
[0mGET /javascripts/comment.js [36m304 [0m0.177 ms - -[0m
[0mGET /images/in-store-pickup-cart.jpg [32m200 [0m0.474 ms - 13196[0m
[0mGET /comments [32m200 [0m2.012 ms - 801[0m
[0mGET / [32m200 [0m0.468 ms - 4850[0m
[0mGET /stylesheets/style.css [32m200 [0m0.477 ms - 852[0m
[0mGET /javascripts/comment.js [36m304 [0m0.262 ms - -[0m
[0mGET /comments [36m304 [0m2.125 ms - -[0m
[0mGET / [32m200 [0m0.443 ms - 4850[0m
[0mGET /stylesheets/style.css [32m200 [0m0.476 ms - 853[0m
[0mGET /javascripts/comment.js [36m304 [0m0.263 ms - -[0m
[0mGET /comments [32m200 [0m2.071 ms - 801[0m
[0mGET / [36m304 [0m0.287 ms - -[0m
[0mGET /stylesheets/style.css [32m200 [0m0.465 ms - 833[0m
[0mGET /javascripts/comment.js [36m304 [0m0.201 ms - -[0m
[0mGET /images/in-store-pickup-cart.jpg [32m200 [0m0.484 ms - 13196[0m
[0mGET /comments [32m200 [0m2.149 ms - 801[0m
[0mGET / [36m304 [0m0.301 ms - -[0m
[0mGET /stylesheets/style.css [32m200 [0m0.521 ms - 873[0m
[0mGET /javascripts/comment.js [36m304 [0m0.282 ms - -[0m
[0mGET /comments [32m200 [0m2.079 ms - 801[0m
[0mGET /images/in-store-pickup-cart.jpg [32m200 [0m0.462 ms - 13196[0m
[0mGET / [32m200 [0m0.436 ms - 4850[0m
[0mGET /javascripts/comment.js [36m304 [0m8.518 ms - -[0m
[0mGET /stylesheets/style.css [32m200 [0m0.360 ms - 873[0m
[0mGET /comments [32m200 [0m2.041 ms - 801[0m
[0mGET / [32m200 [0m0.478 ms - 4850[0m
[0mGET /javascripts/comment.js [36m304 [0m0.285 ms - -[0m
[0mGET /stylesheets/style.css [36m304 [0m0.173 ms - -[0m
[0mGET /comments [36m304 [0m5.575 ms - -[0m
[0mGET / [32m200 [0m0.451 ms - 4850[0m
[0mGET /javascripts/comment.js [36m304 [0m0.280 ms - -[0m
[0mGET /stylesheets/style.css [36m304 [0m0.166 ms - -[0m
[0mGET /comments [36m304 [0m2.071 ms - -[0m
[0mGET / [36m304 [0m0.333 ms - -[0m
[0mGET /stylesheets/style.css [32m200 [0m0.476 ms - 907[0m
[0mGET /javascripts/comment.js [36m304 [0m0.188 ms - -[0m
[0mGET /comments [32m200 [0m8.607 ms - 801[0m
[0mGET /images/in-store-pickup-cart.jpg [32m200 [0m0.481 ms - 13196[0m
[0mGET / [32m200 [0m0.435 ms - 4850[0m
[0mGET /stylesheets/style.css [32m200 [0m0.457 ms - 907[0m
[0mGET /javascripts/comment.js [36m304 [0m0.271 ms - -[0m
[0mGET /comments [36m304 [0m2.081 ms - -[0m
[0mGET / [36m304 [0m0.307 ms - -[0m
[0mGET /javascripts/comment.js [36m304 [0m0.285 ms - -[0m
[0mGET /stylesheets/style.css [36m304 [0m0.170 ms - -[0m
[0mGET /comments [36m304 [0m2.363 ms - -[0m
[0mGET / [32m200 [0m5.688 ms - 5153[0m
[0mGET /stylesheets/style.css [32m200 [0m1.191 ms - 1040[0m
[0mGET /javascripts/comment.js [36m304 [0m0.607 ms - -[0m
[0mGET /comments [32m200 [0m2.095 ms - 801[0m
[0mGET /images/in-store-pickup-cart.jpg [32m200 [0m0.464 ms - 13196[0m
[0mGET / [36m304 [0m0.291 ms - -[0m
[0mGET /javascripts/comment.js [36m304 [0m0.270 ms - -[0m
[0mGET /stylesheets/style.css [32m200 [0m0.369 ms - 1000[0m
[0mGET /comments [32m200 [0m1.960 ms - 801[0m
[0mGET /images/in-store-pickup-cart.jpg [32m200 [0m0.438 ms - 13196[0m
[0mGET / [36m304 [0m0.275 ms - -[0m
[0mGET /stylesheets/style.css [32m200 [0m0.443 ms - 1052[0m
[0mGET /javascripts/comment.js [36m304 [0m0.212 ms - -[0m
[0mGET /images/in-store-pickup-cart.jpg [32m200 [0m0.481 ms - 13196[0m
[0mGET /comments [32m200 [0m3.156 ms - 801[0m
[0mGET / [32m200 [0m0.472 ms - 5120[0m
[0mGET /stylesheets/style.css [32m200 [0m0.464 ms - 1052[0m
[0mGET /javascripts/comment.js [36m304 [0m0.255 ms - -[0m
[0mGET /images/in-store-pickup-cart.jpg [32m200 [0m0.466 ms - 13196[0m
[0mGET /comments [32m200 [0m1.931 ms - 801[0m
[0mGET / [32m200 [0m0.469 ms - 5120[0m
[0mGET /javascripts/comment.js [36m304 [0m0.337 ms - -[0m
[0mGET /stylesheets/style.css [32m200 [0m0.398 ms - 1052[0m
[0mGET /comments [36m304 [0m1.996 ms - -[0m
[0mGET / [36m304 [0m0.272 ms - -[0m
[0mGET /stylesheets/style.css [32m200 [0m0.474 ms - 1052[0m
[0mGET /javascripts/comment.js [36m304 [0m0.174 ms - -[0m
[0mGET /comments [32m200 [0m2.034 ms - 801[0m
[0mGET /images/in-store-pickup-cart.jpg [32m200 [0m0.457 ms - 13196[0m
[0mGET / [32m200 [0m0.444 ms - 5120[0m
[0mGET /javascripts/comment.js [36m304 [0m0.358 ms - -[0m
[0mGET /stylesheets/style.css [32m200 [0m0.436 ms - 1052[0m
[0mGET /comments [36m304 [0m2.442 ms - -[0m
[0mGET / [36m304 [0m0.322 ms - -[0m
[0mGET /javascripts/comment.js [36m304 [0m0.293 ms - -[0m
[0mGET /stylesheets/style.css [32m200 [0m0.363 ms - 995[0m
[0mGET /comments [32m200 [0m3.337 ms - 801[0m
[0mGET /images/in-store-pickup-cart.jpg [32m200 [0m0.494 ms - 13196[0m
[0mGET / [32m200 [0m0.463 ms - 5120[0m
[0mGET /stylesheets/style.css [32m200 [0m0.546 ms - 995[0m
[0mGET /javascripts/comment.js [36m304 [0m0.234 ms - -[0m
[0mGET /comments [32m200 [0m10.248 ms - 801[0m
[0mGET / [36m304 [0m0.292 ms - -[0m
[0mGET /javascripts/comment.js [36m304 [0m2.036 ms - -[0m
[0mGET /stylesheets/style.css [32m200 [0m2.767 ms - 1003[0m
[0mGET /comments [32m200 [0m2.049 ms - 801[0m
[0mGET /images/in-store-pickup-cart.jpg [32m200 [0m0.440 ms - 13196[0m
[0mGET / [32m200 [0m0.473 ms - 5127[0m
[0mGET /javascripts/comment.js [36m304 [0m0.270 ms - -[0m
[0mGET /stylesheets/style.css [36m304 [0m0.184 ms - -[0m
[0mGET /comments [32m200 [0m2.000 ms - 801[0m
[0mGET /images/in-store-pickup-cart.jpg [32m200 [0m1.087 ms - 13196[0m
[0mGET / [36m304 [0m0.273 ms - -[0m
[0mGET /stylesheets/style.css [32m200 [0m0.468 ms - 1044[0m
[0mGET /javascripts/comment.js [36m304 [0m0.187 ms - -[0m
[0mGET /comments [32m200 [0m2.056 ms - 801[0m
[0mGET /images/in-store-pickup-cart.jpg [32m200 [0m0.451 ms - 13196[0m
[0mGET / [32m200 [0m0.426 ms - 5127[0m
[0mGET /javascripts/comment.js [36m304 [0m0.265 ms - -[0m
[0mGET /stylesheets/style.css [32m200 [0m0.456 ms - 1044[0m
[0mGET /comments [36m304 [0m2.014 ms - -[0m
[0mGET / [32m200 [0m0.432 ms - 5127[0m
[0mGET /javascripts/comment.js [36m304 [0m0.288 ms - -[0m
[0mGET /stylesheets/style.css [32m200 [0m0.420 ms - 1044[0m
[0mGET /comments [32m200 [0m2.157 ms - 801[0m
[0mGET /images/in-store-pickup-cart.jpg [32m200 [0m0.470 ms - 13196[0m
[0mGET / [36m304 [0m0.276 ms - -[0m
[0mGET /javascripts/comment.js [36m304 [0m0.267 ms - -[0m
[0mGET /stylesheets/style.css [36m304 [0m0.241 ms - -[0m
[0mGET /comments [36m304 [0m2.396 ms - -[0m
[0mGET / [36m304 [0m0.293 ms - -[0m
[0mGET /javascripts/comment.js [36m304 [0m0.282 ms - -[0m
[0mGET /stylesheets/style.css [36m304 [0m0.158 ms - -[0m
[0mGET /comments [36m304 [0m2.675 ms - -[0m
