nohup: ignoring input
Connected
[0mGET / [36m304 [0m5.251 ms - -[0m
[0mGET /javascripts/comments.js [36m304 [0m1.494 ms - -[0m
[0mGET /favicon.ico [33m404 [0m301.213 ms - 1873[0m
POST comment route
{ Name: 'Dog', Comment: 'Hi' }
{ _id: 5bec5fc80ac8bc13a3ab41e3, Name: 'Dog', Comment: 'Hi' }
{ _id: 5bec5fc80ac8bc13a3ab41e3,
  Name: 'Dog',
  Comment: 'Hi',
  __v: 0 }
[0mPOST /comment [32m200 [0m36.982 ms - 2[0m
In the GET route?
[ { _id: 5bec5fc80ac8bc13a3ab41e3,
    Name: 'Dog',
    Comment: 'Hi',
    __v: 0 } ]
[0mGET /comment [32m200 [0m16.635 ms - 72[0m
POST comment route
{ Name: '260Student', Comment: 'The TAs are the best!' }
{ _id: 5bec5fdc0ac8bc13a3ab41e4,
  Name: '260Student',
  Comment: 'The TAs are the best!' }
{ _id: 5bec5fdc0ac8bc13a3ab41e4,
  Name: '260Student',
  Comment: 'The TAs are the best!',
  __v: 0 }
[0mPOST /comment [32m200 [0m5.923 ms - 2[0m
In the GET route?
[ { _id: 5bec5fc80ac8bc13a3ab41e3,
    Name: 'Dog',
    Comment: 'Hi',
    __v: 0 },
  { _id: 5bec5fdc0ac8bc13a3ab41e4,
    Name: '260Student',
    Comment: 'The TAs are the best!',
    __v: 0 } ]
[0mGET /comment [32m200 [0m6.106 ms - 169[0m
[0mGET / [36m304 [0m1.011 ms - -[0m
[0mGET /javascripts/comments.js [36m304 [0m0.628 ms - -[0m
[0mGET /favicon.ico [33m404 [0m39.389 ms - 1873[0m
In the GET route?
[ { _id: 5bec5fc80ac8bc13a3ab41e3,
    Name: 'Dog',
    Comment: 'Hi',
    __v: 0 },
  { _id: 5bec5fdc0ac8bc13a3ab41e4,
    Name: '260Student',
    Comment: 'The TAs are the best!',
    __v: 0 } ]
[0mGET /comment [32m200 [0m7.690 ms - 169[0m
In the GET route?
[ { _id: 5bec5fc80ac8bc13a3ab41e3,
    Name: 'Dog',
    Comment: 'Hi',
    __v: 0 },
  { _id: 5bec5fdc0ac8bc13a3ab41e4,
    Name: '260Student',
    Comment: 'The TAs are the best!',
    __v: 0 } ]
[0mGET /comment [36m304 [0m2.380 ms - -[0m
[0mGET / [32m200 [0m3.463 ms - 2598[0m
[0mGET /javascripts/comments.js [32m200 [0m3.253 ms - 2527[0m
[0mGET /favicon.ico [33m404 [0m46.554 ms - 1873[0m
POST comment route
{ Name: 'TA', Comment: 'a' }
{ _id: 5bec98500ac8bc13a3ab41e5, Name: 'TA', Comment: 'a' }
{ _id: 5bec98500ac8bc13a3ab41e5,
  Name: 'TA',
  Comment: 'a',
  __v: 0 }
[0mPOST /comment [32m200 [0m3.758 ms - 2[0m
In the GET route?
[ { _id: 5bec5fc80ac8bc13a3ab41e3,
    Name: 'Dog',
    Comment: 'Hi',
    __v: 0 },
  { _id: 5bec5fdc0ac8bc13a3ab41e4,
    Name: '260Student',
    Comment: 'The TAs are the best!',
    __v: 0 },
  { _id: 5bec98500ac8bc13a3ab41e5,
    Name: 'TA',
    Comment: 'a',
    __v: 0 } ]
[0mGET /comment [32m200 [0m3.616 ms - 238[0m
POST comment route
{ Name: 'TA', Comment: 'b' }
{ _id: 5bec98550ac8bc13a3ab41e6, Name: 'TA', Comment: 'b' }
{ _id: 5bec98550ac8bc13a3ab41e6,
  Name: 'TA',
  Comment: 'b',
  __v: 0 }
[0mPOST /comment [32m200 [0m2.952 ms - 2[0m
In the GET route?
[ { _id: 5bec5fc80ac8bc13a3ab41e3,
    Name: 'Dog',
    Comment: 'Hi',
    __v: 0 },
  { _id: 5bec5fdc0ac8bc13a3ab41e4,
    Name: '260Student',
    Comment: 'The TAs are the best!',
    __v: 0 },
  { _id: 5bec98500ac8bc13a3ab41e5,
    Name: 'TA',
    Comment: 'a',
    __v: 0 },
  { _id: 5bec98550ac8bc13a3ab41e6,
    Name: 'TA',
    Comment: 'b',
    __v: 0 } ]
[0mGET /comment [32m200 [0m4.322 ms - 307[0m
In the GET route?
[ { _id: 5bec5fc80ac8bc13a3ab41e3,
    Name: 'Dog',
    Comment: 'Hi',
    __v: 0 },
  { _id: 5bec5fdc0ac8bc13a3ab41e4,
    Name: '260Student',
    Comment: 'The TAs are the best!',
    __v: 0 },
  { _id: 5bec98500ac8bc13a3ab41e5,
    Name: 'TA',
    Comment: 'a',
    __v: 0 },
  { _id: 5bec98550ac8bc13a3ab41e6,
    Name: 'TA',
    Comment: 'b',
    __v: 0 } ]
[0mGET /comment [36m304 [0m4.311 ms - -[0m
In the GET route?
[ { _id: 5bec5fc80ac8bc13a3ab41e3,
    Name: 'Dog',
    Comment: 'Hi',
    __v: 0 },
  { _id: 5bec5fdc0ac8bc13a3ab41e4,
    Name: '260Student',
    Comment: 'The TAs are the best!',
    __v: 0 },
  { _id: 5bec98500ac8bc13a3ab41e5,
    Name: 'TA',
    Comment: 'a',
    __v: 0 },
  { _id: 5bec98550ac8bc13a3ab41e6,
    Name: 'TA',
    Comment: 'b',
    __v: 0 } ]
[0mGET /comment [36m304 [0m21.278 ms - -[0m
In the DELETE route
[0mDELETE /comment [32m200 [0m2.152 ms - 2[0m
In the DELETE route
[0mDELETE /comment [32m200 [0m1.213 ms - 2[0m
In the DELETE route
[0mDELETE /comment [32m200 [0m0.784 ms - 2[0m
In the DELETE route
[0mDELETE /comment [32m200 [0m0.761 ms - 2[0m
In the GET route?
[]
[0mGET /comment [32m200 [0m4.301 ms - 2[0m
[0mGET / [36m304 [0m0.378 ms - -[0m
[0mGET /javascripts/comments.js [36m304 [0m0.324 ms - -[0m
[0mGET /favicon.ico [33m404 [0m24.447 ms - 1873[0m
[0mGET / [36m304 [0m0.399 ms - -[0m
[0mGET /javascripts/comments.js [36m304 [0m0.768 ms - -[0m
[0mGET /favicon.ico [33m404 [0m19.807 ms - 1873[0m
In the GET route?
[]
[0mGET /comment [32m200 [0m2.257 ms - 2[0m
[0mGET /favicon.ico [33m404 [0m8.013 ms - 1873[0m
POST comment route
{ Name: 'Hallo', Comment: 'Hi' }
{ _id: 5beddac10ac8bc13a3ab41e7, Name: 'Hallo', Comment: 'Hi' }
{ _id: 5beddac10ac8bc13a3ab41e7,
  Name: 'Hallo',
  Comment: 'Hi',
  __v: 0 }
[0mPOST /comment [32m200 [0m3.366 ms - 2[0m
In the GET route?
[ { _id: 5beddac10ac8bc13a3ab41e7,
    Name: 'Hallo',
    Comment: 'Hi',
    __v: 0 } ]
[0mGET /comment [32m200 [0m2.688 ms - 74[0m
[0mGET /favicon.ico [33m404 [0m10.074 ms - 1873[0m
[0mGET / [36m304 [0m0.356 ms - -[0m
[0mGET /javascripts/comments.js [36m304 [0m0.313 ms - -[0m
[0mGET /favicon.ico [33m404 [0m11.995 ms - 1873[0m
In the GET route?
[ { _id: 5beddac10ac8bc13a3ab41e7,
    Name: 'Hallo',
    Comment: 'Hi',
    __v: 0 } ]
[0mGET /comment [32m200 [0m2.097 ms - 74[0m
In the GET route?
[ { _id: 5beddac10ac8bc13a3ab41e7,
    Name: 'Hallo',
    Comment: 'Hi',
    __v: 0 } ]
[0mGET /comment [36m304 [0m2.247 ms - -[0m
